# JRE version: OpenJDK Runtime Environment (12.0.2+10) (build 12.0.2+10)
# Java VM: OpenJDK 64-Bit Server VM (12.0.2+10, mixed mode, tiered, compressed oops, g1 gc, linux-amd64)
Heap:
 garbage-first heap   total 859136K, used 511189K [0x000000062a200000, 0x0000000800000000)
  region size 1024K, 4 young (4096K), 3 survivors (3072K)
 Metaspace       used 155724K, capacity 160320K, committed 161968K, reserved 1185792K
  class space    used 25025K, capacity 25781K, committed 25856K, reserved 1048576K
GC Heap History (10 events):
Event: 8759.968 GC heap before
{Heap before GC invocations=69 (full 3):
 garbage-first heap   total 258048K, used 189765K [0x000000062a200000, 0x0000000800000000)
  region size 1024K, 64 young (65536K), 11 survivors (11264K)
 Metaspace       used 151909K, capacity 156100K, committed 157872K, reserved 1181696K
  class space    used 24241K, capacity 24975K, committed 25088K, reserved 1048576K
}
Event: 8760.016 GC heap after
{Heap after GC invocations=70 (full 3):
 garbage-first heap   total 258048K, used 139288K [0x000000062a200000, 0x0000000800000000)
  region size 1024K, 3 young (3072K), 3 survivors (3072K)
 Metaspace       used 151909K, capacity 156100K, committed 157872K, reserved 1181696K
  class space    used 24241K, capacity 24975K, committed 25088K, reserved 1048576K
}
Event: 8760.882 GC heap before
{Heap before GC invocations=71 (full 3):
 garbage-first heap   total 286720K, used 200728K [0x000000062a200000, 0x0000000800000000)
  region size 1024K, 63 young (64512K), 3 survivors (3072K)
 Metaspace       used 153701K, capacity 158242K, committed 160048K, reserved 1183744K
  class space    used 24632K, capacity 25381K, committed 25472K, reserved 1048576K
}
Event: 8760.892 GC heap after
{Heap after GC invocations=72 (full 3):
 garbage-first heap   total 286720K, used 139075K [0x000000062a200000, 0x0000000800000000)
  region size 1024K, 3 young (3072K), 3 survivors (3072K)
 Metaspace       used 153701K, capacity 158242K, committed 160048K, reserved 1183744K
  class space    used 24632K, capacity 25381K, committed 25472K, reserved 1048576K
}
Event: 8762.428 GC heap before
{Heap before GC invocations=72 (full 3):
 garbage-first heap   total 286720K, used 183107K [0x000000062a200000, 0x0000000800000000)
  region size 1024K, 47 young (48128K), 3 survivors (3072K)
 Metaspace       used 155709K, capacity 160422K, committed 161968K, reserved 1185792K
  class space    used 25028K, capacity 25791K, committed 25856K, reserved 1048576K
}
Event: 8762.448 GC heap after
{Heap after GC invocations=73 (full 3):
 garbage-first heap   total 286720K, used 138474K [0x000000062a200000, 0x0000000800000000)
  region size 1024K, 3 young (3072K), 3 survivors (3072K)
 Metaspace       used 155709K, capacity 160422K, committed 161968K, reserved 1185792K
  class space    used 25028K, capacity 25791K, committed 25856K, reserved 1048576K
}
Event: 8766.271 GC heap before
{Heap before GC invocations=74 (full 3):
 garbage-first heap   total 362496K, used 292074K [0x000000062a200000, 0x0000000800000000)
  region size 1024K, 80 young (81920K), 3 survivors (3072K)
 Metaspace       used 155719K, capacity 160320K, committed 161968K, reserved 1185792K
  class space    used 25025K, capacity 25781K, committed 25856K, reserved 1048576K
}
Event: 8766.277 GC heap after
{Heap after GC invocations=75 (full 3):
 garbage-first heap   total 362496K, used 213315K [0x000000062a200000, 0x0000000800000000)
  region size 1024K, 3 young (3072K), 3 survivors (3072K)
 Metaspace       used 155719K, capacity 160320K, committed 161968K, reserved 1185792K
  class space    used 25025K, capacity 25781K, committed 25856K, reserved 1048576K
}
Event: 8767.610 GC heap before
{Heap before GC invocations=75 (full 3):
 garbage-first heap   total 362496K, used 288067K [0x000000062a200000, 0x0000000800000000)
  region size 1024K, 77 young (78848K), 3 survivors (3072K)
 Metaspace       used 155722K, capacity 160320K, committed 161968K, reserved 1185792K
  class space    used 25025K, capacity 25781K, committed 25856K, reserved 1048576K
}
Event: 8767.615 GC heap after
{Heap after GC invocations=76 (full 3):
 garbage-first heap   total 362496K, used 213205K [0x000000062a200000, 0x0000000800000000)
  region size 1024K, 3 young (3072K), 3 survivors (3072K)
 Metaspace       used 155722K, capacity 160320K, committed 161968K, reserved 1185792K
  class space    used 25025K, capacity 25781K, committed 25856K, reserved 1048576K
}

